{
  "stats": {
    "suites": 1,
    "tests": 13,
    "passes": 12,
    "pending": 0,
    "failures": 1,
    "start": "2023-06-08T04:29:51.757Z",
    "end": "2023-06-08T04:33:24.413Z",
    "duration": 212656,
    "testsRegistered": 13,
    "passPercent": 92.3076923076923,
    "pendingPercent": 0,
    "other": 0,
    "hasOther": false,
    "skipped": 0,
    "hasSkipped": false
  },
  "results": [
    {
      "uuid": "90c63f84-1166-439c-bc37-ac7ed3810a62",
      "title": "",
      "fullFile": "cypress/tests/components/CalendarPage.js",
      "file": "cypress/tests/components/CalendarPage.js",
      "beforeHooks": [],
      "afterHooks": [],
      "tests": [],
      "suites": [
        {
          "uuid": "4d881f31-8c2e-4a85-9d9a-76a418f6a2ab",
          "title": "Calendar Page",
          "fullFile": "",
          "file": "",
          "beforeHooks": [],
          "afterHooks": [],
          "tests": [
            {
              "title": "Check user create new Schedule an activity pass",
              "fullTitle": "Calendar Page Check user create new Schedule an activity pass",
              "timedOut": null,
              "duration": 24785,
              "state": "passed",
              "speed": "slow",
              "pass": true,
              "fail": false,
              "pending": false,
              "context": null,
              "code": "calendarWebPage.clickNextDate();\ncalendarWebPage.clickSingleIcon();\ncalendarWebPage.verifyCallListLogo();\ncalendarWebPage.clickScheduleActivityIcon();\ncalendarWebPage.verifyScheduleActivityLogo();\ncalendarWebPage.selectActivityType();\ncalendarWebPage.clickAddButton();\ncalendarWebPage.verifyCreateScheduleActivitySuccessToast();\ncalendarWebPage.verifyCalendarPageScreenDisplay();",
              "err": {},
              "uuid": "d42152ec-9e80-49a0-ad2b-7ff5190f1603",
              "parentUUID": "4d881f31-8c2e-4a85-9d9a-76a418f6a2ab",
              "isHook": false,
              "skipped": false
            },
            {
              "title": "Edit schedule an Activity",
              "fullTitle": "Calendar Page Edit schedule an Activity",
              "timedOut": null,
              "duration": 19559,
              "state": "passed",
              "speed": "slow",
              "pass": true,
              "fail": false,
              "pending": false,
              "context": null,
              "code": "calendarWebPage.clickNextDate();\ncalendarWebPage.clickActivityCall();\ncalendarWebPage.verifyInfoCallLogo();\ncalendarWebPage.clickEditButton();\ncalendarWebPage.verifyEditActivityScreenDisplay();\ncalendarWebPage.inputQuickNoteTextBox();\ncalendarWebPage.clickAddButton();\ncalendarWebPage.verifyUpdateActivitySuccessToast();\ncalendarWebPage.verifyCalendarPageScreenDisplay();",
              "err": {},
              "uuid": "01a51786-1c09-4d3e-a34c-df55fe9057a8",
              "parentUUID": "4d881f31-8c2e-4a85-9d9a-76a418f6a2ab",
              "isHook": false,
              "skipped": false
            },
            {
              "title": "Delete schedule an Activity",
              "fullTitle": "Calendar Page Delete schedule an Activity",
              "timedOut": null,
              "duration": 14623,
              "state": "passed",
              "speed": "slow",
              "pass": true,
              "fail": false,
              "pending": false,
              "context": null,
              "code": "calendarWebPage.clickNextDate();\ncalendarWebPage.clickActivityCall();\ncalendarWebPage.verifyInfoCallLogo();\ncalendarWebPage.clickDeleteCallEntrypoint();\ncalendarWebPage.seeDeleteActivityScreenDisplay();\ncalendarWebPage.clickCancelDeleteCallButton();\ncalendarWebPage.clickDeleteCallEntrypoint();\ncalendarWebPage.seeDeleteActivityScreenDisplay();\ncalendarWebPage.clickConfirmDeleteButton();\ncalendarWebPage.verifyDeleteCallSuccessToast();\ncalendarWebPage.verifyCalendarPageScreenDisplay();",
              "err": {},
              "uuid": "d5e149b9-b9ed-4401-9936-76ebc8bf5d49",
              "parentUUID": "4d881f31-8c2e-4a85-9d9a-76a418f6a2ab",
              "isHook": false,
              "skipped": false
            },
            {
              "title": "Share calendar with valid/ invalid value",
              "fullTitle": "Calendar Page Share calendar with valid/ invalid value",
              "timedOut": null,
              "duration": 14302,
              "state": "passed",
              "speed": "slow",
              "pass": true,
              "fail": false,
              "pending": false,
              "context": null,
              "code": "calendarWebPage.clickShareIcon();\ncalendarWebPage.verifyShareScreenDisplay();\ncalendarWebPage.inputInValidNameEmailTextBox();\ncalendarWebPage.verifyNameEmailList();\ncalendarWebPage.inputValidNameEmailTextBox();\ncalendarWebPage.verifyNameEmailList();\ncalendarWebPage.selectShareValueDropDown();\ncalendarWebPage.clickShareButton();\ncalendarWebPage.clickDeleteShareButton();",
              "err": {},
              "uuid": "e8f18114-4252-402a-b92c-3f4964b8f473",
              "parentUUID": "4d881f31-8c2e-4a85-9d9a-76a418f6a2ab",
              "isHook": false,
              "skipped": false
            },
            {
              "title": "Select any date on date time picker",
              "fullTitle": "Calendar Page Select any date on date time picker",
              "timedOut": null,
              "duration": 13320,
              "state": "passed",
              "speed": "slow",
              "pass": true,
              "fail": false,
              "pending": false,
              "context": null,
              "code": "calendarWebPage.clickDateTimePicker();\ncalendarWebPage.verifyDateTimeScreenDisplay();\ncalendarWebPage.selectAnyDayInList();\ncalendarWebPage.verifyCalendarPageScreenDisplay();\ncalendarWebPage.clickPreviousDay();\ncalendarWebPage.verifyCalendarPageScreenDisplay();\ncalendarWebPage.clickNextDay();\ncalendarWebPage.verifyCalendarPageScreenDisplay();\ncalendarWebPage.clickDayButton();\ncalendarWebPage.verifyCalendarPageScreenDisplay();\ncalendarWebPage.clickWeekButton();\ncalendarWebPage.verifyWeekListDisplay();\ncalendarWebPage.clickMonthButton();\ncalendarWebPage.verifyMonthListDisplay();",
              "err": {},
              "uuid": "5783c282-ad2f-4728-8d14-2008b80becae",
              "parentUUID": "4d881f31-8c2e-4a85-9d9a-76a418f6a2ab",
              "isHook": false,
              "skipped": false
            },
            {
              "title": "Create new Schedule A Call with In-store type",
              "fullTitle": "Calendar Page Create new Schedule A Call with In-store type",
              "timedOut": null,
              "duration": 16475,
              "state": "passed",
              "speed": "slow",
              "pass": true,
              "fail": false,
              "pending": false,
              "context": null,
              "code": "calendarWebPage.clickNextDate();\ncreateScheduleCall();\ncalendarWebPage.inputCustomerNameTextBox();\ncalendarWebPage.selectCustomerName();\ncalendarWebPage.selectStartTimeDropDown();\ncalendarWebPage.selectPurposeDropDown();\ncalendarWebPage.clickAddButton();\ncalendarWebPage.verifyCreateScheduleCallSuccessToast();\ncalendarWebPage.verifyCalendarPageScreenDisplay();",
              "err": {},
              "uuid": "fe51fdb6-c9f6-44a9-934d-a55db6801e97",
              "parentUUID": "4d881f31-8c2e-4a85-9d9a-76a418f6a2ab",
              "isHook": false,
              "skipped": false
            },
            {
              "title": "Edit schedule: In-store",
              "fullTitle": "Calendar Page Edit schedule: In-store",
              "timedOut": null,
              "duration": 15443,
              "state": "passed",
              "speed": "slow",
              "pass": true,
              "fail": false,
              "pending": false,
              "context": null,
              "code": "calendarWebPage.clickNextDate();\ncalendarWebPage.clickInStoreCall();\neditCall();",
              "err": {},
              "uuid": "28d1bb0e-6dbe-4535-ab3b-0f76937cb338",
              "parentUUID": "4d881f31-8c2e-4a85-9d9a-76a418f6a2ab",
              "isHook": false,
              "skipped": false
            },
            {
              "title": "Delete schedule: In-store",
              "fullTitle": "Calendar Page Delete schedule: In-store",
              "timedOut": null,
              "duration": 14074,
              "state": "passed",
              "speed": "slow",
              "pass": true,
              "fail": false,
              "pending": false,
              "context": null,
              "code": "calendarWebPage.clickNextDate();\ncalendarWebPage.clickInStoreCall();\ndeleteCall();",
              "err": {},
              "uuid": "f9920aab-101d-40c8-ba3f-f90209d9996b",
              "parentUUID": "4d881f31-8c2e-4a85-9d9a-76a418f6a2ab",
              "isHook": false,
              "skipped": false
            },
            {
              "title": "Create new Schedule A Call with Remote type: Chat Message",
              "fullTitle": "Calendar Page Create new Schedule A Call with Remote type: Chat Message",
              "timedOut": null,
              "duration": 15810,
              "state": "passed",
              "speed": "slow",
              "pass": true,
              "fail": false,
              "pending": false,
              "context": null,
              "code": "calendarWebPage.clickNextDate();\ncreateScheduleCall();\ncalendarWebPage.inputCustomerNameTextBox();\ncalendarWebPage.selectCustomerName();\ncalendarWebPage.selectStartTimeDropDown();\ncalendarWebPage.clickRemoteType();\ncalendarWebPage.selectChatMsgType();\ncalendarWebPage.selectPurposeDropDown();\ncalendarWebPage.clickAddButton();\ncalendarWebPage.verifyCreateScheduleCallSuccessToast();\ncalendarWebPage.verifyCalendarPageScreenDisplay();",
              "err": {},
              "uuid": "86149d61-762d-483a-9986-b7bea425873e",
              "parentUUID": "4d881f31-8c2e-4a85-9d9a-76a418f6a2ab",
              "isHook": false,
              "skipped": false
            },
            {
              "title": "Edit schedule: Remote",
              "fullTitle": "Calendar Page Edit schedule: Remote",
              "timedOut": null,
              "duration": 15797,
              "state": "passed",
              "speed": "slow",
              "pass": true,
              "fail": false,
              "pending": false,
              "context": null,
              "code": "calendarWebPage.clickNextDate();\ncalendarWebPage.clickRemoteCall();\neditCall();",
              "err": {},
              "uuid": "a92e7794-1652-455b-8839-81fc1e905604",
              "parentUUID": "4d881f31-8c2e-4a85-9d9a-76a418f6a2ab",
              "isHook": false,
              "skipped": false
            },
            {
              "title": "Delete schedule: Remote",
              "fullTitle": "Calendar Page Delete schedule: Remote",
              "timedOut": null,
              "duration": 13317,
              "state": "passed",
              "speed": "slow",
              "pass": true,
              "fail": false,
              "pending": false,
              "context": null,
              "code": "calendarWebPage.clickNextDate();\ncalendarWebPage.clickRemoteCall();\ndeleteCall();",
              "err": {},
              "uuid": "0c98960c-7021-4c38-84a0-9da15c680e08",
              "parentUUID": "4d881f31-8c2e-4a85-9d9a-76a418f6a2ab",
              "isHook": false,
              "skipped": false
            },
            {
              "title": "Create new Schedule call with Prescribers",
              "fullTitle": "Calendar Page Create new Schedule call with Prescribers",
              "timedOut": null,
              "duration": 11498,
              "state": "passed",
              "speed": "slow",
              "pass": true,
              "fail": false,
              "pending": false,
              "context": null,
              "code": "",
              "err": {},
              "uuid": "d1226c21-ed18-4df1-ae10-8a12f61f0365",
              "parentUUID": "4d881f31-8c2e-4a85-9d9a-76a418f6a2ab",
              "isHook": false,
              "skipped": false
            },
            {
              "title": "API: Compare schedule call on UI and API",
              "fullTitle": "Calendar Page API: Compare schedule call on UI and API",
              "timedOut": null,
              "duration": 22197,
              "state": "failed",
              "speed": null,
              "pass": false,
              "fail": true,
              "pending": false,
              "context": null,
              "code": "// Check lại vụ này vì sắp xếp không đúng thự tự\nlet scheduleCallAPI = new _ScheduleCallAPI.ScheduleCallAPI();\nscheduleCallAPI.getScheduleCallApi().then(apiSchedule => {\n  cy.log(JSON.stringify(apiSchedule));\n  calendarWebPage.getAllScheduleInfo().then(scheduleCallList => {\n    cy.wrap('').then(() => {\n      cy.log(JSON.stringify(scheduleCallList));\n      // expect(scheduleCallList).to.be.deep.eq(apiSchedule);\n    });\n  });\n});",
              "err": {
                "message": "AssertionError: Timed out retrying after 10000ms: Expected to find element: `.rbc-event`, but never found it.",
                "estack": "AssertionError: Timed out retrying after 10000ms: Expected to find element: `.rbc-event`, but never found it.\n    at CalendarWebPage.getAllScheduleInfo (webpack:///./models/pages/CalendarWebPage.js:402:11)\n    at eval (webpack:///./cypress/tests/components/CalendarPage.js:273:28)",
                "diff": null
              },
              "uuid": "fc0e4c7a-7dd4-4255-8b1e-d75225de9a79",
              "parentUUID": "4d881f31-8c2e-4a85-9d9a-76a418f6a2ab",
              "isHook": false,
              "skipped": false
            }
          ],
          "suites": [],
          "passes": [
            "d42152ec-9e80-49a0-ad2b-7ff5190f1603",
            "01a51786-1c09-4d3e-a34c-df55fe9057a8",
            "d5e149b9-b9ed-4401-9936-76ebc8bf5d49",
            "e8f18114-4252-402a-b92c-3f4964b8f473",
            "5783c282-ad2f-4728-8d14-2008b80becae",
            "fe51fdb6-c9f6-44a9-934d-a55db6801e97",
            "28d1bb0e-6dbe-4535-ab3b-0f76937cb338",
            "f9920aab-101d-40c8-ba3f-f90209d9996b",
            "86149d61-762d-483a-9986-b7bea425873e",
            "a92e7794-1652-455b-8839-81fc1e905604",
            "0c98960c-7021-4c38-84a0-9da15c680e08",
            "d1226c21-ed18-4df1-ae10-8a12f61f0365"
          ],
          "failures": [
            "fc0e4c7a-7dd4-4255-8b1e-d75225de9a79"
          ],
          "pending": [],
          "skipped": [],
          "duration": 211200,
          "root": false,
          "rootEmpty": false,
          "_timeout": 2000
        }
      ],
      "passes": [],
      "failures": [],
      "pending": [],
      "skipped": [],
      "duration": 0,
      "root": true,
      "rootEmpty": true,
      "_timeout": 2000
    }
  ],
  "meta": {
    "mocha": {
      "version": "7.0.1"
    },
    "mochawesome": {
      "options": {
        "quiet": false,
        "reportFilename": "mochawesome",
        "saveHtml": false,
        "saveJson": true,
        "consoleReporter": "spec",
        "useInlineDiffs": false,
        "code": true
      },
      "version": "7.1.3"
    },
    "marge": {
      "options": {
        "reportDir": "cypress/results",
        "overwrite": false,
        "html": false,
        "json": true
      },
      "version": "6.2.0"
    }
  }
}