{
  "stats": {
    "suites": 1,
    "tests": 1,
    "passes": 1,
    "pending": 0,
    "failures": 0,
    "start": "2023-06-08T15:31:24.872Z",
    "end": "2023-06-08T15:31:41.053Z",
    "duration": 16181,
    "testsRegistered": 1,
    "passPercent": 100,
    "pendingPercent": 0,
    "other": 0,
    "hasOther": false,
    "skipped": 0,
    "hasSkipped": false
  },
  "results": [
    {
      "uuid": "c8e2b1ad-974b-4b02-9a4a-aceffa5b931b",
      "title": "",
      "fullFile": "cypress/tests/components/TerritoryPage.js",
      "file": "cypress/tests/components/TerritoryPage.js",
      "beforeHooks": [],
      "afterHooks": [],
      "tests": [],
      "suites": [
        {
          "uuid": "c65f4251-173a-4670-a364-525b63181949",
          "title": "Territory Page",
          "fullFile": "",
          "file": "",
          "beforeHooks": [],
          "afterHooks": [],
          "tests": [
            {
              "title": "Mass scheduling",
              "fullTitle": "Territory Page Mass scheduling",
              "timedOut": null,
              "duration": 15433,
              "state": "passed",
              "speed": "slow",
              "pass": true,
              "fail": false,
              "pending": false,
              "context": null,
              "code": "territoryWebPage.selectCustomer();\nterritoryWebPage.clickScheduleCallIcon();\nterritoryWebPage.verifyCreateScheduleCallDisplay();\n// territoryWebPage.selectCallType()\n// territoryWebPage.selectStartDate()\nterritoryWebPage.clickCreateScheduleCallButton();\nterritoryWebPage.verifyCreateScheduleCallSuccessToast();\n// territoryWebPage.verifyCreateCallToastDisplay()",
              "err": {},
              "uuid": "073016bc-f081-4f3b-bf7b-4a7f990ec6f9",
              "parentUUID": "c65f4251-173a-4670-a364-525b63181949",
              "isHook": false,
              "skipped": false
            }
          ],
          "suites": [],
          "passes": [
            "073016bc-f081-4f3b-bf7b-4a7f990ec6f9"
          ],
          "failures": [],
          "pending": [],
          "skipped": [],
          "duration": 15433,
          "root": false,
          "rootEmpty": false,
          "_timeout": 2000
        }
      ],
      "passes": [],
      "failures": [],
      "pending": [],
      "skipped": [],
      "duration": 0,
      "root": true,
      "rootEmpty": true,
      "_timeout": 2000
    }
  ],
  "meta": {
    "mocha": {
      "version": "7.0.1"
    },
    "mochawesome": {
      "options": {
        "quiet": false,
        "reportFilename": "mochawesome",
        "saveHtml": false,
        "saveJson": true,
        "consoleReporter": "spec",
        "useInlineDiffs": false,
        "code": true
      },
      "version": "7.1.3"
    },
    "marge": {
      "options": {
        "reportDir": "cypress/results",
        "overwrite": false,
        "html": false,
        "json": true
      },
      "version": "6.2.0"
    }
  }
}