{
  "stats": {
    "suites": 1,
    "tests": 1,
    "passes": 1,
    "pending": 0,
    "failures": 0,
    "start": "2023-06-08T15:30:57.417Z",
    "end": "2023-06-08T15:31:18.926Z",
    "duration": 21509,
    "testsRegistered": 1,
    "passPercent": 100,
    "pendingPercent": 0,
    "other": 0,
    "hasOther": false,
    "skipped": 0,
    "hasSkipped": false
  },
  "results": [
    {
      "uuid": "d46744e4-84dd-4681-b91e-2fe235bf576e",
      "title": "",
      "fullFile": "cypress/tests/components/HomePage.js",
      "file": "cypress/tests/components/HomePage.js",
      "beforeHooks": [],
      "afterHooks": [],
      "tests": [],
      "suites": [
        {
          "uuid": "9e5677dd-6aa3-4cee-9f3e-e8b1f964ad28",
          "title": "Home Page",
          "fullFile": "",
          "file": "",
          "beforeHooks": [],
          "afterHooks": [],
          "tests": [
            {
              "title": "Delete & Add KPI with value",
              "fullTitle": "Home Page Delete & Add KPI with value",
              "timedOut": null,
              "duration": 20499,
              "state": "passed",
              "speed": "slow",
              "pass": true,
              "fail": false,
              "pending": false,
              "context": null,
              "code": "cy.wait(1500);\nhomeWebPage.compareKpiValue('MTG Sales');\nhomeWebPage.refreshPage();\ncy.wait(1500);\nhomeWebPage.compareKpiValue('MTD Sales');\nhomeWebPage.refreshPage();\ncy.wait(1500);\nhomeWebPage.compareKpiValue('Sales Month Target');\nhomeWebPage.refreshPage();\ncy.wait(1500);\nhomeWebPage.compareKpiValue('MTD Sales Achievements (%)');\nhomeWebPage.refreshPage();\ncy.wait(1500);\nhomeWebPage.compareKpiValue('Average Sales / Day (MTD)');",
              "err": {},
              "uuid": "5da79276-5ba5-4710-a6d0-0144aaa485c2",
              "parentUUID": "9e5677dd-6aa3-4cee-9f3e-e8b1f964ad28",
              "isHook": false,
              "skipped": false
            }
          ],
          "suites": [],
          "passes": [
            "5da79276-5ba5-4710-a6d0-0144aaa485c2"
          ],
          "failures": [],
          "pending": [],
          "skipped": [],
          "duration": 20499,
          "root": false,
          "rootEmpty": false,
          "_timeout": 2000
        }
      ],
      "passes": [],
      "failures": [],
      "pending": [],
      "skipped": [],
      "duration": 0,
      "root": true,
      "rootEmpty": true,
      "_timeout": 2000
    }
  ],
  "meta": {
    "mocha": {
      "version": "7.0.1"
    },
    "mochawesome": {
      "options": {
        "quiet": false,
        "reportFilename": "mochawesome",
        "saveHtml": false,
        "saveJson": true,
        "consoleReporter": "spec",
        "useInlineDiffs": false,
        "code": true
      },
      "version": "7.1.3"
    },
    "marge": {
      "options": {
        "reportDir": "cypress/results",
        "overwrite": false,
        "html": false,
        "json": true
      },
      "version": "6.2.0"
    }
  }
}