{
  "stats": {
    "suites": 1,
    "tests": 1,
    "passes": 1,
    "pending": 0,
    "failures": 0,
    "start": "2023-06-08T04:35:07.910Z",
    "end": "2023-06-08T04:35:09.836Z",
    "duration": 1926,
    "testsRegistered": 1,
    "passPercent": 100,
    "pendingPercent": 0,
    "other": 0,
    "hasOther": false,
    "skipped": 0,
    "hasSkipped": false
  },
  "results": [
    {
      "uuid": "86d2b1ff-2586-4b33-8f22-dfcbb1a0936c",
      "title": "",
      "fullFile": "cypress/tests/api/CalendarPage_Api.js",
      "file": "cypress/tests/api/CalendarPage_Api.js",
      "beforeHooks": [],
      "afterHooks": [],
      "tests": [],
      "suites": [
        {
          "uuid": "aeb59d59-0eed-4bf8-b6c9-d59f4524090c",
          "title": "Calendar Page: Compare API and UI",
          "fullFile": "",
          "file": "",
          "beforeHooks": [],
          "afterHooks": [],
          "tests": [
            {
              "title": "Multiple method ",
              "fullTitle": "Calendar Page: Compare API and UI Multiple method ",
              "timedOut": null,
              "duration": 1907,
              "state": "passed",
              "speed": "fast",
              "pass": true,
              "fail": false,
              "pending": false,
              "context": null,
              "code": "let url = 'https://jsonplaceholder.typicode.com/posts';\n// let url = Cypress.env(\"baseURL\")\nlet postBody = {\n  title: 'foo',\n  body: 'bar',\n  userId: 1\n};\nlet headers = {\n  'Content-type': 'application/json; charset=UTF-8'\n};\ncy.createPost(postBody).then(res => {\n  cy.getPost((Number(res.body.id) - 1).toString()).then(res => {\n    cy.request({\n      method: 'PUT',\n      url: url + \"/\" + res.body.id,\n      body: {\n        id: 1,\n        title: 'fooaaaaaaaaa',\n        body: 'bar',\n        userId: 1\n      },\n      headers: headers\n    }).then(res => {\n      cy.request({\n        method: 'DELETE',\n        url: url + \"/\" + res.body.id\n      });\n    });\n  });\n});",
              "err": {},
              "uuid": "8a8c2fa3-c742-4ad6-982b-ab9c3f52a1b1",
              "parentUUID": "aeb59d59-0eed-4bf8-b6c9-d59f4524090c",
              "isHook": false,
              "skipped": false
            }
          ],
          "suites": [],
          "passes": [
            "8a8c2fa3-c742-4ad6-982b-ab9c3f52a1b1"
          ],
          "failures": [],
          "pending": [],
          "skipped": [],
          "duration": 1907,
          "root": false,
          "rootEmpty": false,
          "_timeout": 2000
        }
      ],
      "passes": [],
      "failures": [],
      "pending": [],
      "skipped": [],
      "duration": 0,
      "root": true,
      "rootEmpty": true,
      "_timeout": 2000
    }
  ],
  "meta": {
    "mocha": {
      "version": "7.0.1"
    },
    "mochawesome": {
      "options": {
        "quiet": false,
        "reportFilename": "mochawesome",
        "saveHtml": false,
        "saveJson": true,
        "consoleReporter": "spec",
        "useInlineDiffs": false,
        "code": true
      },
      "version": "7.1.3"
    },
    "marge": {
      "options": {
        "reportDir": "cypress/results",
        "overwrite": false,
        "html": false,
        "json": true
      },
      "version": "6.2.0"
    }
  }
}