{
  "stats": {
    "suites": 1,
    "tests": 1,
    "passes": 1,
    "pending": 0,
    "failures": 0,
    "start": "2023-06-08T04:34:44.954Z",
    "end": "2023-06-08T04:35:02.388Z",
    "duration": 17434,
    "testsRegistered": 1,
    "passPercent": 100,
    "pendingPercent": 0,
    "other": 0,
    "hasOther": false,
    "skipped": 0,
    "hasSkipped": false
  },
  "results": [
    {
      "uuid": "7672ed85-683c-45ff-852d-4c21abac63e1",
      "title": "",
      "fullFile": "cypress/tests/components/TerritoryPage.js",
      "file": "cypress/tests/components/TerritoryPage.js",
      "beforeHooks": [],
      "afterHooks": [],
      "tests": [],
      "suites": [
        {
          "uuid": "5c6181c7-4f2b-44ab-a78f-29d071aa73e3",
          "title": "Territory Page",
          "fullFile": "",
          "file": "",
          "beforeHooks": [],
          "afterHooks": [],
          "tests": [
            {
              "title": "Mass scheduling",
              "fullTitle": "Territory Page Mass scheduling",
              "timedOut": null,
              "duration": 16701,
              "state": "passed",
              "speed": "slow",
              "pass": true,
              "fail": false,
              "pending": false,
              "context": null,
              "code": "territoryWebPage.selectCustomer();\nterritoryWebPage.clickScheduleCallIcon();\nterritoryWebPage.verifyCreateScheduleCallDisplay();\n// territoryWebPage.selectCallType()\n// territoryWebPage.selectStartDate()\nterritoryWebPage.clickCreateScheduleCallButton();\nterritoryWebPage.verifyCreateScheduleCallSuccessToast();\n// territoryWebPage.verifyCreateCallToastDisplay()",
              "err": {},
              "uuid": "df2a59b6-15e6-48b7-8825-8c7bb8daf8f0",
              "parentUUID": "5c6181c7-4f2b-44ab-a78f-29d071aa73e3",
              "isHook": false,
              "skipped": false
            }
          ],
          "suites": [],
          "passes": [
            "df2a59b6-15e6-48b7-8825-8c7bb8daf8f0"
          ],
          "failures": [],
          "pending": [],
          "skipped": [],
          "duration": 16701,
          "root": false,
          "rootEmpty": false,
          "_timeout": 2000
        }
      ],
      "passes": [],
      "failures": [],
      "pending": [],
      "skipped": [],
      "duration": 0,
      "root": true,
      "rootEmpty": true,
      "_timeout": 2000
    }
  ],
  "meta": {
    "mocha": {
      "version": "7.0.1"
    },
    "mochawesome": {
      "options": {
        "quiet": false,
        "reportFilename": "mochawesome",
        "saveHtml": false,
        "saveJson": true,
        "consoleReporter": "spec",
        "useInlineDiffs": false,
        "code": true
      },
      "version": "7.1.3"
    },
    "marge": {
      "options": {
        "reportDir": "cypress/results",
        "overwrite": false,
        "html": false,
        "json": true
      },
      "version": "6.2.0"
    }
  }
}