{
  "stats": {
    "suites": 1,
    "tests": 13,
    "passes": 12,
    "pending": 0,
    "failures": 1,
    "start": "2023-06-08T15:27:18.059Z",
    "end": "2023-06-08T15:30:24.339Z",
    "duration": 186280,
    "testsRegistered": 13,
    "passPercent": 92.3076923076923,
    "pendingPercent": 0,
    "other": 0,
    "hasOther": false,
    "skipped": 0,
    "hasSkipped": false
  },
  "results": [
    {
      "uuid": "aa28d49d-be56-47a8-9ad5-d678f3be86a7",
      "title": "",
      "fullFile": "cypress/tests/components/CalendarPage.js",
      "file": "cypress/tests/components/CalendarPage.js",
      "beforeHooks": [],
      "afterHooks": [],
      "tests": [],
      "suites": [
        {
          "uuid": "06bdf26d-71b0-4b2e-a4ce-4a5614f3e30a",
          "title": "Calendar Page",
          "fullFile": "",
          "file": "",
          "beforeHooks": [],
          "afterHooks": [],
          "tests": [
            {
              "title": "Check user create new Schedule an activity pass",
              "fullTitle": "Calendar Page Check user create new Schedule an activity pass",
              "timedOut": null,
              "duration": 15168,
              "state": "passed",
              "speed": "slow",
              "pass": true,
              "fail": false,
              "pending": false,
              "context": null,
              "code": "calendarWebPage.clickNextDate();\ncalendarWebPage.clickSingleIcon();\ncalendarWebPage.verifyCallListLogo();\ncalendarWebPage.clickScheduleActivityIcon();\ncalendarWebPage.verifyScheduleActivityLogo();\ncalendarWebPage.selectActivityType();\ncalendarWebPage.clickAddButton();\ncalendarWebPage.verifyCreateScheduleActivitySuccessToast();\ncalendarWebPage.verifyCalendarPageScreenDisplay();",
              "err": {},
              "uuid": "0e4dbbe8-49be-4928-9738-d44f303ed4bb",
              "parentUUID": "06bdf26d-71b0-4b2e-a4ce-4a5614f3e30a",
              "isHook": false,
              "skipped": false
            },
            {
              "title": "Edit schedule an Activity",
              "fullTitle": "Calendar Page Edit schedule an Activity",
              "timedOut": null,
              "duration": 13359,
              "state": "passed",
              "speed": "slow",
              "pass": true,
              "fail": false,
              "pending": false,
              "context": null,
              "code": "calendarWebPage.clickNextDate();\ncalendarWebPage.clickActivityCall();\ncalendarWebPage.verifyInfoCallLogo();\ncalendarWebPage.clickEditButton();\ncalendarWebPage.verifyEditActivityScreenDisplay();\ncalendarWebPage.inputQuickNoteTextBox();\ncalendarWebPage.clickAddButton();\ncalendarWebPage.verifyUpdateActivitySuccessToast();\ncalendarWebPage.verifyCalendarPageScreenDisplay();",
              "err": {},
              "uuid": "de231c52-e896-4e3b-b789-3f6bc5b295bd",
              "parentUUID": "06bdf26d-71b0-4b2e-a4ce-4a5614f3e30a",
              "isHook": false,
              "skipped": false
            },
            {
              "title": "Delete schedule an Activity",
              "fullTitle": "Calendar Page Delete schedule an Activity",
              "timedOut": null,
              "duration": 13362,
              "state": "passed",
              "speed": "slow",
              "pass": true,
              "fail": false,
              "pending": false,
              "context": null,
              "code": "calendarWebPage.clickNextDate();\ncalendarWebPage.clickActivityCall();\ncalendarWebPage.verifyInfoCallLogo();\ncalendarWebPage.clickDeleteCallEntrypoint();\ncalendarWebPage.seeDeleteActivityScreenDisplay();\ncalendarWebPage.clickCancelDeleteCallButton();\ncalendarWebPage.clickDeleteCallEntrypoint();\ncalendarWebPage.seeDeleteActivityScreenDisplay();\ncalendarWebPage.clickConfirmDeleteButton();\ncalendarWebPage.verifyDeleteCallSuccessToast();\ncalendarWebPage.verifyCalendarPageScreenDisplay();",
              "err": {},
              "uuid": "37eceeec-2fc4-432b-9770-ca0b2010ae55",
              "parentUUID": "06bdf26d-71b0-4b2e-a4ce-4a5614f3e30a",
              "isHook": false,
              "skipped": false
            },
            {
              "title": "Share calendar with valid/ invalid value",
              "fullTitle": "Calendar Page Share calendar with valid/ invalid value",
              "timedOut": null,
              "duration": 13212,
              "state": "passed",
              "speed": "slow",
              "pass": true,
              "fail": false,
              "pending": false,
              "context": null,
              "code": "calendarWebPage.clickShareIcon();\ncalendarWebPage.verifyShareScreenDisplay();\ncalendarWebPage.inputInValidNameEmailTextBox();\ncalendarWebPage.verifyNameEmailList();\ncalendarWebPage.inputValidNameEmailTextBox();\ncalendarWebPage.verifyNameEmailList();\ncalendarWebPage.selectShareValueDropDown();\ncalendarWebPage.clickShareButton();\ncalendarWebPage.clickDeleteShareButton();",
              "err": {},
              "uuid": "ceebecc0-99ff-4340-a5ed-359fa4f921e8",
              "parentUUID": "06bdf26d-71b0-4b2e-a4ce-4a5614f3e30a",
              "isHook": false,
              "skipped": false
            },
            {
              "title": "Select any date on date time picker",
              "fullTitle": "Calendar Page Select any date on date time picker",
              "timedOut": null,
              "duration": 12761,
              "state": "passed",
              "speed": "slow",
              "pass": true,
              "fail": false,
              "pending": false,
              "context": null,
              "code": "calendarWebPage.clickDateTimePicker();\ncalendarWebPage.verifyDateTimeScreenDisplay();\ncalendarWebPage.selectAnyDayInList();\ncalendarWebPage.verifyCalendarPageScreenDisplay();\ncalendarWebPage.clickPreviousDay();\ncalendarWebPage.verifyCalendarPageScreenDisplay();\ncalendarWebPage.clickNextDay();\ncalendarWebPage.verifyCalendarPageScreenDisplay();\ncalendarWebPage.clickDayButton();\ncalendarWebPage.verifyCalendarPageScreenDisplay();\ncalendarWebPage.clickWeekButton();\ncalendarWebPage.verifyWeekListDisplay();\ncalendarWebPage.clickMonthButton();\ncalendarWebPage.verifyMonthListDisplay();",
              "err": {},
              "uuid": "af656195-a42d-4519-96ea-be6d1a654bd5",
              "parentUUID": "06bdf26d-71b0-4b2e-a4ce-4a5614f3e30a",
              "isHook": false,
              "skipped": false
            },
            {
              "title": "Create new Schedule A Call with In-store type",
              "fullTitle": "Calendar Page Create new Schedule A Call with In-store type",
              "timedOut": null,
              "duration": 16287,
              "state": "passed",
              "speed": "slow",
              "pass": true,
              "fail": false,
              "pending": false,
              "context": null,
              "code": "calendarWebPage.clickNextDate();\ncreateScheduleCall();\ncalendarWebPage.inputCustomerNameTextBox();\ncalendarWebPage.selectCustomerName();\ncalendarWebPage.selectStartTimeDropDown();\ncalendarWebPage.selectPurposeDropDown();\ncalendarWebPage.clickAddButton();\ncalendarWebPage.verifyCreateScheduleCallSuccessToast();\ncalendarWebPage.verifyCalendarPageScreenDisplay();",
              "err": {},
              "uuid": "1a54a0f7-5182-4202-94fe-7e3a6f444ded",
              "parentUUID": "06bdf26d-71b0-4b2e-a4ce-4a5614f3e30a",
              "isHook": false,
              "skipped": false
            },
            {
              "title": "Edit schedule: In-store",
              "fullTitle": "Calendar Page Edit schedule: In-store",
              "timedOut": null,
              "duration": 15099,
              "state": "passed",
              "speed": "slow",
              "pass": true,
              "fail": false,
              "pending": false,
              "context": null,
              "code": "calendarWebPage.clickNextDate();\ncalendarWebPage.clickInStoreCall();\neditCall();",
              "err": {},
              "uuid": "07b2298f-492b-4b87-b4d0-ac7f091dbeba",
              "parentUUID": "06bdf26d-71b0-4b2e-a4ce-4a5614f3e30a",
              "isHook": false,
              "skipped": false
            },
            {
              "title": "Delete schedule: In-store",
              "fullTitle": "Calendar Page Delete schedule: In-store",
              "timedOut": null,
              "duration": 12783,
              "state": "passed",
              "speed": "slow",
              "pass": true,
              "fail": false,
              "pending": false,
              "context": null,
              "code": "calendarWebPage.clickNextDate();\ncalendarWebPage.clickInStoreCall();\ndeleteCall();",
              "err": {},
              "uuid": "2961ecc9-0b2e-462d-a69c-4cc8730fca03",
              "parentUUID": "06bdf26d-71b0-4b2e-a4ce-4a5614f3e30a",
              "isHook": false,
              "skipped": false
            },
            {
              "title": "Create new Schedule A Call with Remote type: Chat Message",
              "fullTitle": "Calendar Page Create new Schedule A Call with Remote type: Chat Message",
              "timedOut": null,
              "duration": 14390,
              "state": "passed",
              "speed": "slow",
              "pass": true,
              "fail": false,
              "pending": false,
              "context": null,
              "code": "calendarWebPage.clickNextDate();\ncreateScheduleCall();\ncalendarWebPage.inputCustomerNameTextBox();\ncalendarWebPage.selectCustomerName();\ncalendarWebPage.selectStartTimeDropDown();\ncalendarWebPage.clickRemoteType();\ncalendarWebPage.selectChatMsgType();\ncalendarWebPage.selectPurposeDropDown();\ncalendarWebPage.clickAddButton();\ncalendarWebPage.verifyCreateScheduleCallSuccessToast();\ncalendarWebPage.verifyCalendarPageScreenDisplay();",
              "err": {},
              "uuid": "66d0a9ea-e4c7-440e-b431-12ee324ff72b",
              "parentUUID": "06bdf26d-71b0-4b2e-a4ce-4a5614f3e30a",
              "isHook": false,
              "skipped": false
            },
            {
              "title": "Edit schedule: Remote",
              "fullTitle": "Calendar Page Edit schedule: Remote",
              "timedOut": null,
              "duration": 13576,
              "state": "passed",
              "speed": "slow",
              "pass": true,
              "fail": false,
              "pending": false,
              "context": null,
              "code": "calendarWebPage.clickNextDate();\ncalendarWebPage.clickRemoteCall();\neditCall();",
              "err": {},
              "uuid": "4dabd8e7-e5d7-40e4-8a5f-8ac88346a29d",
              "parentUUID": "06bdf26d-71b0-4b2e-a4ce-4a5614f3e30a",
              "isHook": false,
              "skipped": false
            },
            {
              "title": "Delete schedule: Remote",
              "fullTitle": "Calendar Page Delete schedule: Remote",
              "timedOut": null,
              "duration": 12676,
              "state": "passed",
              "speed": "slow",
              "pass": true,
              "fail": false,
              "pending": false,
              "context": null,
              "code": "calendarWebPage.clickNextDate();\ncalendarWebPage.clickRemoteCall();\ndeleteCall();",
              "err": {},
              "uuid": "083cb68e-8a16-4c57-adfc-c3df05b09155",
              "parentUUID": "06bdf26d-71b0-4b2e-a4ce-4a5614f3e30a",
              "isHook": false,
              "skipped": false
            },
            {
              "title": "Create new Schedule call with Prescribers",
              "fullTitle": "Calendar Page Create new Schedule call with Prescribers",
              "timedOut": null,
              "duration": 10894,
              "state": "passed",
              "speed": "slow",
              "pass": true,
              "fail": false,
              "pending": false,
              "context": null,
              "code": "",
              "err": {},
              "uuid": "4892a203-c536-442f-9d86-7fc5dd5aa4c1",
              "parentUUID": "06bdf26d-71b0-4b2e-a4ce-4a5614f3e30a",
              "isHook": false,
              "skipped": false
            },
            {
              "title": "API: Compare schedule call on UI and API",
              "fullTitle": "Calendar Page API: Compare schedule call on UI and API",
              "timedOut": null,
              "duration": 21565,
              "state": "failed",
              "speed": null,
              "pass": false,
              "fail": true,
              "pending": false,
              "context": null,
              "code": "// Check lại vụ này vì sắp xếp không đúng thự tự\nlet scheduleCallAPI = new _ScheduleCallAPI.ScheduleCallAPI();\nscheduleCallAPI.getScheduleCallApi().then(apiSchedule => {\n  cy.log(JSON.stringify(apiSchedule));\n  calendarWebPage.getAllScheduleInfo().then(scheduleCallList => {\n    cy.wrap('').then(() => {\n      cy.log(JSON.stringify(scheduleCallList));\n      // expect(scheduleCallList).to.be.deep.eq(apiSchedule);\n    });\n  });\n});",
              "err": {
                "message": "AssertionError: Timed out retrying after 10000ms: Expected to find element: `.rbc-event`, but never found it.",
                "estack": "AssertionError: Timed out retrying after 10000ms: Expected to find element: `.rbc-event`, but never found it.\n    at CalendarWebPage.getAllScheduleInfo (webpack:///./models/pages/CalendarWebPage.js:402:11)\n    at eval (webpack:///./cypress/tests/components/CalendarPage.js:273:28)",
                "diff": null
              },
              "uuid": "f5ce87a4-97ef-426d-a761-86a6256cf004",
              "parentUUID": "06bdf26d-71b0-4b2e-a4ce-4a5614f3e30a",
              "isHook": false,
              "skipped": false
            }
          ],
          "suites": [],
          "passes": [
            "0e4dbbe8-49be-4928-9738-d44f303ed4bb",
            "de231c52-e896-4e3b-b789-3f6bc5b295bd",
            "37eceeec-2fc4-432b-9770-ca0b2010ae55",
            "ceebecc0-99ff-4340-a5ed-359fa4f921e8",
            "af656195-a42d-4519-96ea-be6d1a654bd5",
            "1a54a0f7-5182-4202-94fe-7e3a6f444ded",
            "07b2298f-492b-4b87-b4d0-ac7f091dbeba",
            "2961ecc9-0b2e-462d-a69c-4cc8730fca03",
            "66d0a9ea-e4c7-440e-b431-12ee324ff72b",
            "4dabd8e7-e5d7-40e4-8a5f-8ac88346a29d",
            "083cb68e-8a16-4c57-adfc-c3df05b09155",
            "4892a203-c536-442f-9d86-7fc5dd5aa4c1"
          ],
          "failures": [
            "f5ce87a4-97ef-426d-a761-86a6256cf004"
          ],
          "pending": [],
          "skipped": [],
          "duration": 185132,
          "root": false,
          "rootEmpty": false,
          "_timeout": 2000
        }
      ],
      "passes": [],
      "failures": [],
      "pending": [],
      "skipped": [],
      "duration": 0,
      "root": true,
      "rootEmpty": true,
      "_timeout": 2000
    }
  ],
  "meta": {
    "mocha": {
      "version": "7.0.1"
    },
    "mochawesome": {
      "options": {
        "quiet": false,
        "reportFilename": "mochawesome",
        "saveHtml": false,
        "saveJson": true,
        "consoleReporter": "spec",
        "useInlineDiffs": false,
        "code": true
      },
      "version": "7.1.3"
    },
    "marge": {
      "options": {
        "reportDir": "cypress/results",
        "overwrite": false,
        "html": false,
        "json": true
      },
      "version": "6.2.0"
    }
  }
}