{
  "stats": {
    "suites": 1,
    "tests": 1,
    "passes": 1,
    "pending": 0,
    "failures": 0,
    "start": "2023-06-09T08:36:31.304Z",
    "end": "2023-06-09T08:36:33.739Z",
    "duration": 2435,
    "testsRegistered": 1,
    "passPercent": 100,
    "pendingPercent": 0,
    "other": 0,
    "hasOther": false,
    "skipped": 0,
    "hasSkipped": false
  },
  "results": [
    {
      "uuid": "6453a46c-a4ab-4786-91c9-5cf4163f7e53",
      "title": "",
      "fullFile": "cypress/tests/api/CalendarPage_Api.js",
      "file": "cypress/tests/api/CalendarPage_Api.js",
      "beforeHooks": [],
      "afterHooks": [],
      "tests": [],
      "suites": [
        {
          "uuid": "f7a242d0-a9e6-41b7-9ca9-2b0c2c30e329",
          "title": "Calendar Page: Compare API and UI",
          "fullFile": "",
          "file": "",
          "beforeHooks": [],
          "afterHooks": [],
          "tests": [
            {
              "title": "Multiple method ",
              "fullTitle": "Calendar Page: Compare API and UI Multiple method ",
              "timedOut": null,
              "duration": 2429,
              "state": "passed",
              "speed": "fast",
              "pass": true,
              "fail": false,
              "pending": false,
              "context": null,
              "code": "let url = 'https://jsonplaceholder.typicode.com/posts';\n// let url = Cypress.env(\"baseURL\")\nlet postBody = {\n  title: 'foo',\n  body: 'bar',\n  userId: 1\n};\nlet headers = {\n  'Content-type': 'application/json; charset=UTF-8'\n};\ncy.createPost(postBody).then(res => {\n  cy.getPost((Number(res.body.id) - 1).toString()).then(res => {\n    cy.request({\n      method: 'PUT',\n      url: url + \"/\" + res.body.id,\n      body: {\n        id: 1,\n        title: 'fooaaaaaaaaa',\n        body: 'bar',\n        userId: 1\n      },\n      headers: headers\n    }).then(res => {\n      cy.request({\n        method: 'DELETE',\n        url: url + \"/\" + res.body.id\n      });\n    });\n  });\n});",
              "err": {},
              "uuid": "93efbe23-3430-4801-a346-3cae47a1a11c",
              "parentUUID": "f7a242d0-a9e6-41b7-9ca9-2b0c2c30e329",
              "isHook": false,
              "skipped": false
            }
          ],
          "suites": [],
          "passes": [
            "93efbe23-3430-4801-a346-3cae47a1a11c"
          ],
          "failures": [],
          "pending": [],
          "skipped": [],
          "duration": 2429,
          "root": false,
          "rootEmpty": false,
          "_timeout": 2000
        }
      ],
      "passes": [],
      "failures": [],
      "pending": [],
      "skipped": [],
      "duration": 0,
      "root": true,
      "rootEmpty": true,
      "_timeout": 2000
    }
  ],
  "meta": {
    "mocha": {
      "version": "7.0.1"
    },
    "mochawesome": {
      "options": {
        "quiet": false,
        "reportFilename": "mochawesome",
        "saveHtml": true,
        "saveJson": true,
        "consoleReporter": "spec",
        "useInlineDiffs": false,
        "code": true
      },
      "version": "7.1.3"
    },
    "marge": {
      "options": null,
      "version": "6.2.0"
    }
  }
}